<?xml version="1.0" encoding="UTF-8"?>
<testsuite xmlns:xsi="http://www.w3.org/2001/XMLSchema-instance" xsi:schemaLocation="https://maven.apache.org/surefire/maven-surefire-plugin/xsd/surefire-test-report.xsd" name="runner.RunCucumberTest" time="31.912" tests="24" errors="2" skipped="1" failures="0">
  <properties>
[...]
</properties>
  <testcase name="Given user opens browser" classname="Scenario: User opens Login page" time="0"/>
  <testcase name="When login page is loaded" classname="Scenario: User opens Login page" time="0"/>
  <testcase name="Then login button is active" classname="Scenario: User opens Login page" time="0"/>
  <testcase name="Scenario: User opens Login page" classname="Scenario: User opens Login page" time="0.001"/>
  <testcase name="Given UTS Staff Member logs in" classname="Scenario: UTS Staff member completes form" time="0"/>
  <testcase name="When completing order form" classname="Scenario: UTS Staff member completes form" time="0"/>
  <testcase name="Then system should have both drop down options and text fields" classname="Scenario: UTS Staff member completes form" time="0"/>
  <testcase name="When submitting an incomplete form" classname="Scenario: UTS Staff member completes form" time="0"/>
  <testcase name="Then system should show an error message when incomplete field AND when input is invalid" classname="Scenario: UTS Staff member completes form" time="0"/>
  <testcase name="When submitting form" classname="Scenario: UTS Staff member completes form" time="0.006">
    <error message="no such element: Unable to locate element: {&quot;method&quot;:&quot;name&quot;,&quot;selector&quot;:&quot;staffID&quot;}&#10;  (Session info: chrome=69.0.3497.100)&#10;  (Driver info: chromedriver=70.0.3538.16 (16ed95b41bb05e565b11fb66ac33c660b721f778),platform=Windows NT 10.0.17134 x86_64) (WARNING: The server did not provide any stacktrace information)&#10;Command duration or timeout: 0 milliseconds&#10;For documentation on this error, please visit: http://seleniumhq.org/exceptions/no_such_element.html&#10;Build info: version: &apos;3.13.0&apos;, revision: &apos;2f0d292&apos;, time: &apos;2018-06-25T15:24:21.231Z&apos;&#10;System info: host: &apos;DESKTOP-A42EL9S&apos;, ip: &apos;172.19.122.20&apos;, os.name: &apos;Windows 10&apos;, os.arch: &apos;amd64&apos;, os.version: &apos;10.0&apos;, java.version: &apos;1.8.0_171&apos;&#10;Driver info: org.openqa.selenium.chrome.ChromeDriver&#10;Capabilities {acceptInsecureCerts: false, acceptSslCerts: false, applicationCacheEnabled: false, browserConnectionEnabled: false, browserName: chrome, chrome: {chromedriverVersion: 70.0.3538.16 (16ed95b41bb05..., userDataDir: C:\Users\Jarrod\AppData\Loc...}, cssSelectorsEnabled: true, databaseEnabled: false, goog:chromeOptions: {debuggerAddress: localhost:50629}, handlesAlerts: true, hasTouchScreen: false, javascriptEnabled: true, locationContextEnabled: true, mobileEmulationEnabled: false, nativeEvents: true, networkConnectionEnabled: false, pageLoadStrategy: normal, platform: XP, platformName: XP, rotatable: false, setWindowRect: true, takesHeapSnapshot: true, takesScreenshot: true, unexpectedAlertBehaviour: , unhandledPromptBehavior: , version: 69.0.3497.100, webStorageEnabled: true}&#10;Session ID: 2c30a7da248b5262e9080ca943d15400&#10;*** Element info: {Using=name, value=staffID}" type="org.openqa.selenium.NoSuchElementException">org.openqa.selenium.NoSuchElementException: 
no such element: Unable to locate element: {"method":"name","selector":"staffID"}
  (Session info: chrome=69.0.3497.100)
  (Driver info: chromedriver=70.0.3538.16 (16ed95b41bb05e565b11fb66ac33c660b721f778),platform=Windows NT 10.0.17134 x86_64) (WARNING: The server did not provide any stacktrace information)
Command duration or timeout: 0 milliseconds
For documentation on this error, please visit: http://seleniumhq.org/exceptions/no_such_element.html
Build info: version: '3.13.0', revision: '2f0d292', time: '2018-06-25T15:24:21.231Z'
System info: host: 'DESKTOP-A42EL9S', ip: '172.19.122.20', os.name: 'Windows 10', os.arch: 'amd64', os.version: '10.0', java.version: '1.8.0_171'
Driver info: org.openqa.selenium.chrome.ChromeDriver
Capabilities {acceptInsecureCerts: false, acceptSslCerts: false, applicationCacheEnabled: false, browserConnectionEnabled: false, browserName: chrome, chrome: {chromedriverVersion: 70.0.3538.16 (16ed95b41bb05..., userDataDir: C:\Users\Jarrod\AppData\Loc...}, cssSelectorsEnabled: true, databaseEnabled: false, goog:chromeOptions: {debuggerAddress: localhost:50629}, handlesAlerts: true, hasTouchScreen: false, javascriptEnabled: true, locationContextEnabled: true, mobileEmulationEnabled: false, nativeEvents: true, networkConnectionEnabled: false, pageLoadStrategy: normal, platform: XP, platformName: XP, rotatable: false, setWindowRect: true, takesHeapSnapshot: true, takesScreenshot: true, unexpectedAlertBehaviour: , unhandledPromptBehavior: , version: 69.0.3497.100, webStorageEnabled: true}
Session ID: 2c30a7da248b5262e9080ca943d15400
*** Element info: {Using=name, value=staffID}
</error>
  </testcase>
  <testcase name="Scenario: UTS Staff member completes form" classname="Scenario: UTS Staff member completes form" time="0.006">
    <error message="no such element: Unable to locate element: {&quot;method&quot;:&quot;name&quot;,&quot;selector&quot;:&quot;staffID&quot;}&#10;  (Session info: chrome=69.0.3497.100)&#10;  (Driver info: chromedriver=70.0.3538.16 (16ed95b41bb05e565b11fb66ac33c660b721f778),platform=Windows NT 10.0.17134 x86_64) (WARNING: The server did not provide any stacktrace information)&#10;Command duration or timeout: 0 milliseconds&#10;For documentation on this error, please visit: http://seleniumhq.org/exceptions/no_such_element.html&#10;Build info: version: &apos;3.13.0&apos;, revision: &apos;2f0d292&apos;, time: &apos;2018-06-25T15:24:21.231Z&apos;&#10;System info: host: &apos;DESKTOP-A42EL9S&apos;, ip: &apos;172.19.122.20&apos;, os.name: &apos;Windows 10&apos;, os.arch: &apos;amd64&apos;, os.version: &apos;10.0&apos;, java.version: &apos;1.8.0_171&apos;&#10;Driver info: org.openqa.selenium.chrome.ChromeDriver&#10;Capabilities {acceptInsecureCerts: false, acceptSslCerts: false, applicationCacheEnabled: false, browserConnectionEnabled: false, browserName: chrome, chrome: {chromedriverVersion: 70.0.3538.16 (16ed95b41bb05..., userDataDir: C:\Users\Jarrod\AppData\Loc...}, cssSelectorsEnabled: true, databaseEnabled: false, goog:chromeOptions: {debuggerAddress: localhost:50629}, handlesAlerts: true, hasTouchScreen: false, javascriptEnabled: true, locationContextEnabled: true, mobileEmulationEnabled: false, nativeEvents: true, networkConnectionEnabled: false, pageLoadStrategy: normal, platform: XP, platformName: XP, rotatable: false, setWindowRect: true, takesHeapSnapshot: true, takesScreenshot: true, unexpectedAlertBehaviour: , unhandledPromptBehavior: , version: 69.0.3497.100, webStorageEnabled: true}&#10;Session ID: 2c30a7da248b5262e9080ca943d15400&#10;*** Element info: {Using=name, value=staffID}" type="org.openqa.selenium.NoSuchElementException">org.openqa.selenium.NoSuchElementException: 
no such element: Unable to locate element: {"method":"name","selector":"staffID"}
  (Session info: chrome=69.0.3497.100)
  (Driver info: chromedriver=70.0.3538.16 (16ed95b41bb05e565b11fb66ac33c660b721f778),platform=Windows NT 10.0.17134 x86_64) (WARNING: The server did not provide any stacktrace information)
Command duration or timeout: 0 milliseconds
For documentation on this error, please visit: http://seleniumhq.org/exceptions/no_such_element.html
Build info: version: '3.13.0', revision: '2f0d292', time: '2018-06-25T15:24:21.231Z'
System info: host: 'DESKTOP-A42EL9S', ip: '172.19.122.20', os.name: 'Windows 10', os.arch: 'amd64', os.version: '10.0', java.version: '1.8.0_171'
Driver info: org.openqa.selenium.chrome.ChromeDriver
Capabilities {acceptInsecureCerts: false, acceptSslCerts: false, applicationCacheEnabled: false, browserConnectionEnabled: false, browserName: chrome, chrome: {chromedriverVersion: 70.0.3538.16 (16ed95b41bb05..., userDataDir: C:\Users\Jarrod\AppData\Loc...}, cssSelectorsEnabled: true, databaseEnabled: false, goog:chromeOptions: {debuggerAddress: localhost:50629}, handlesAlerts: true, hasTouchScreen: false, javascriptEnabled: true, locationContextEnabled: true, mobileEmulationEnabled: false, nativeEvents: true, networkConnectionEnabled: false, pageLoadStrategy: normal, platform: XP, platformName: XP, rotatable: false, setWindowRect: true, takesHeapSnapshot: true, takesScreenshot: true, unexpectedAlertBehaviour: , unhandledPromptBehavior: , version: 69.0.3497.100, webStorageEnabled: true}
Session ID: 2c30a7da248b5262e9080ca943d15400
*** Element info: {Using=name, value=staffID}
</error>
  </testcase>
  <testcase name="Then system should show a successful submission screen" classname="Scenario: UTS Staff member completes form" time="0">
    <skipped/>
  </testcase>
  <testcase name="Given Receptionist fills in login details" classname="Scenario: Receptionist logs in to dashboard" time="0"/>
  <testcase name="When selects login button" classname="Scenario: Receptionist logs in to dashboard" time="0"/>
  <testcase name="Then system should process login and direct to the dashboard" classname="Scenario: Receptionist logs in to dashboard" time="0"/>
  <testcase name="Scenario: Receptionist logs in to dashboard" classname="Scenario: Receptionist logs in to dashboard" time="0"/>
  <testcase name="Given Stockroom fills in login details" classname="Scenario: Stockroom logs in to dashboard" time="0"/>
  <testcase name="When Stockroom selects login button" classname="Scenario: Stockroom logs in to dashboard" time="0"/>
  <testcase name="Then system should process login and direct to the stockroom dashboard" classname="Scenario: Stockroom logs in to dashboard" time="0"/>
  <testcase name="When tries to view all the orders placed" classname="Scenario: Stockroom logs in to dashboard" time="0"/>
  <testcase name="Then the system should show a table of the orders placed on the view orders screen" classname="Scenario: Stockroom logs in to dashboard" time="0"/>
  <testcase name="When try to change the status of an order, the system should provide me with a drop-down menu of options" classname="Scenario: Stockroom logs in to dashboard" time="0"/>
  <testcase name="Then These options should include &apos;pending&apos;, ‘in progress’, ‘in transit’ and ‘complete’" classname="Scenario: Stockroom logs in to dashboard" time="0"/>
  <testcase name="Scenario: Stockroom logs in to dashboard" classname="Scenario: Stockroom logs in to dashboard" time="0.001"/>
</testsuite>